[debug] [2025-07-25T21:51:21.461Z] ----------------------------------------------------------------------
[debug] [2025-07-25T21:51:21.463Z] Command:       /nix/store/ws50yvm6vzlzf7jzz6n7xh4szddrack1-nodejs-20.19.1/bin/node /nix/store/gv0i9ndcpzjpfi2yr06402kzy90q51ki-firebase-tools-14.10.1/lib/node_modules/firebase-tools/lib/bin/firebase.js deploy
[debug] [2025-07-25T21:51:21.464Z] CLI Version:   14.10.1
[debug] [2025-07-25T21:51:21.464Z] Platform:      linux
[debug] [2025-07-25T21:51:21.465Z] Node Version:  v20.19.1
[debug] [2025-07-25T21:51:21.465Z] Time:          Fri Jul 25 2025 21:51:21 GMT+0000 (Coordinated Universal Time)
[debug] [2025-07-25T21:51:21.465Z] ----------------------------------------------------------------------
[debug] 
[debug] [2025-07-25T21:51:21.949Z] Object "/hosting" in "firebase.json" has unknown property: {"additionalProperty":"backend"}
[debug] [2025-07-25T21:51:21.949Z] Field "/hosting" in "firebase.json" is possibly invalid: must be array
[debug] [2025-07-25T21:51:21.950Z] Field "/hosting" in "firebase.json" is possibly invalid: must match a schema in anyOf
[debug] [2025-07-25T21:51:21.954Z] > command requires scopes: ["email","openid","https://www.googleapis.com/auth/cloudplatformprojects.readonly","https://www.googleapis.com/auth/firebase","https://www.googleapis.com/auth/cloud-platform"]
[debug] [2025-07-25T21:51:21.955Z] > authorizing via signed-in user (ahssuarez@gmail.com)
[debug] [2025-07-25T21:51:21.955Z] [iam] checking project ad-gen-416117 for permissions ["datastore.indexes.create","datastore.indexes.delete","datastore.indexes.list","datastore.indexes.update","firebase.projects.get","firebasehosting.sites.update"]
[debug] [2025-07-25T21:51:21.957Z] Checked if tokens are valid: true, expires at: 1753483743513
[debug] [2025-07-25T21:51:21.957Z] Checked if tokens are valid: true, expires at: 1753483743513
[debug] [2025-07-25T21:51:21.958Z] >>> [apiv2][query] POST https://cloudresourcemanager.googleapis.com/v1/projects/ad-gen-416117:testIamPermissions [none]
[debug] [2025-07-25T21:51:21.958Z] >>> [apiv2][(partial)header] POST https://cloudresourcemanager.googleapis.com/v1/projects/ad-gen-416117:testIamPermissions x-goog-quota-user=projects/ad-gen-416117
[debug] [2025-07-25T21:51:21.959Z] >>> [apiv2][body] POST https://cloudresourcemanager.googleapis.com/v1/projects/ad-gen-416117:testIamPermissions {"permissions":["datastore.indexes.create","datastore.indexes.delete","datastore.indexes.list","datastore.indexes.update","firebase.projects.get","firebasehosting.sites.update"]}
[debug] [2025-07-25T21:51:22.400Z] <<< [apiv2][status] POST https://cloudresourcemanager.googleapis.com/v1/projects/ad-gen-416117:testIamPermissions 200
[debug] [2025-07-25T21:51:22.401Z] <<< [apiv2][body] POST https://cloudresourcemanager.googleapis.com/v1/projects/ad-gen-416117:testIamPermissions {}
[debug] [2025-07-25T21:51:22.401Z] [iam] error while checking permissions, command may fail: Authorization failed. This account is missing the following required permissions on project ad-gen-416117:

  datastore.indexes.create
  datastore.indexes.delete
  datastore.indexes.list
  datastore.indexes.update
  firebase.projects.get
  firebasehosting.sites.update
[debug] [2025-07-25T21:51:22.402Z] Checked if tokens are valid: true, expires at: 1753483743513
[debug] [2025-07-25T21:51:22.402Z] Checked if tokens are valid: true, expires at: 1753483743513
[debug] [2025-07-25T21:51:22.403Z] >>> [apiv2][query] GET https://firebase.googleapis.com/v1beta1/projects/ad-gen-416117 [none]
[debug] [2025-07-25T21:51:22.871Z] <<< [apiv2][status] GET https://firebase.googleapis.com/v1beta1/projects/ad-gen-416117 403
[debug] [2025-07-25T21:51:22.871Z] <<< [apiv2][body] GET https://firebase.googleapis.com/v1beta1/projects/ad-gen-416117 {"error":{"code":403,"message":"The caller does not have permission","status":"PERMISSION_DENIED"}}
[debug] [2025-07-25T21:51:22.873Z] Request to https://firebase.googleapis.com/v1beta1/projects/ad-gen-416117 had HTTP Error: 403, The caller does not have permission
[debug] [2025-07-25T21:51:22.877Z] FirebaseError: Request to https://firebase.googleapis.com/v1beta1/projects/ad-gen-416117 had HTTP Error: 403, The caller does not have permission
    at responseToError (/nix/store/gv0i9ndcpzjpfi2yr06402kzy90q51ki-firebase-tools-14.10.1/lib/node_modules/firebase-tools/lib/responseToError.js:52:12)
    at RetryOperation._fn (/nix/store/gv0i9ndcpzjpfi2yr06402kzy90q51ki-firebase-tools-14.10.1/lib/node_modules/firebase-tools/lib/apiv2.js:312:77)
    at process.processTicksAndRejections (node:internal/process/task_queues:95:5)
[error] 
[error] Error: Failed to get Firebase project ad-gen-416117. Please make sure the project exists and your account has permission to access it.
